2024-02-13 16:51:36,741 - INFO - Début de la partie contre l'ordinateur.
2024-02-13 16:51:36,741 - INFO - Joueur a choisi : R
2024-02-13 16:51:36,741 - INFO - L'ordinateur a choisi : S
2024-02-13 16:51:36,742 - INFO - Partie terminée : Joueur a gagné.
2024-02-13 16:51:36,742 - INFO - Début de la partie contre l'ordinateur.
2024-02-13 16:51:36,742 - INFO - Joueur a choisi : P
2024-02-13 16:51:36,743 - INFO - L'ordinateur a choisi : P
2024-02-13 16:51:36,744 - INFO - Partie terminée : Égalité.
2024-02-13 16:51:36,744 - INFO - Début de la partie contre l'ordinateur.
2024-02-13 16:51:36,745 - INFO - Joueur a choisi : S
2024-02-13 16:51:36,745 - INFO - L'ordinateur a choisi : S
2024-02-13 16:51:36,745 - INFO - Partie terminée : Égalité.
2024-02-13 16:51:36,746 - INFO - Début de la partie entre deux joueurs.
2024-02-13 16:51:36,747 - INFO - Joueur 1 a choisi : R
2024-02-13 16:51:36,747 - INFO - Joueur 2 a choisi : S
2024-02-13 16:51:36,748 - INFO - Partie terminée : Joueur 1 a gagné.
2024-02-13 16:51:36,749 - INFO - Début de la partie entre deux joueurs.
2024-02-13 16:51:36,749 - INFO - Joueur 1 a choisi : P
2024-02-13 16:51:36,750 - INFO - Joueur 2 a choisi : R
2024-02-13 16:51:36,750 - INFO - Partie terminée : Joueur 1 a gagné.
2024-02-13 16:51:36,750 - INFO - Début de la partie entre deux joueurs.
2024-02-13 16:51:36,751 - INFO - Joueur 1 a choisi : S
2024-02-13 16:51:36,751 - INFO - Joueur 2 a choisi : P
2024-02-13 16:51:36,752 - INFO - Partie terminée : Joueur 1 a gagné.
2024-02-13 16:51:36,753 - INFO - Début de la partie entre deux joueurs.
2024-02-13 16:51:36,753 - INFO - Joueur 1 a choisi : R
2024-02-13 16:51:36,753 - INFO - Joueur 2 a choisi : P
2024-02-13 16:51:36,753 - INFO - Partie terminée : Joueur 2 a gagné.
2024-02-13 16:51:36,754 - INFO - Début de la partie entre deux joueurs.
2024-02-13 16:51:36,755 - INFO - Joueur 1 a choisi : P
2024-02-13 16:51:36,756 - INFO - Joueur 2 a choisi : S
2024-02-13 16:51:36,756 - INFO - Partie terminée : Joueur 2 a gagné.
2024-02-13 16:51:36,757 - INFO - Début de la partie entre deux joueurs.
2024-02-13 16:51:36,758 - INFO - Joueur 1 a choisi : S
2024-02-13 16:51:36,759 - INFO - Joueur 2 a choisi : R
2024-02-13 16:51:36,760 - INFO - Partie terminée : Joueur 2 a gagné.
2024-02-13 16:51:36,760 - INFO - Début de la partie entre deux joueurs.
2024-02-13 16:51:36,761 - INFO - Joueur 1 a choisi : R
2024-02-13 16:51:36,762 - INFO - Joueur 2 a choisi : R
2024-02-13 16:51:36,763 - INFO - Partie terminée : Égalité.
2024-02-13 16:51:36,764 - INFO - Début de la partie entre deux joueurs.
2024-02-13 16:51:36,764 - INFO - Joueur 1 a choisi : P
2024-02-13 16:51:36,765 - INFO - Joueur 2 a choisi : P
2024-02-13 16:51:36,766 - INFO - Partie terminée : Égalité.
2024-02-13 16:51:36,767 - INFO - Début de la partie entre deux joueurs.
2024-02-13 16:51:36,768 - INFO - Joueur 1 a choisi : S
2024-02-13 16:51:36,768 - INFO - Joueur 2 a choisi : S
2024-02-13 16:51:36,769 - INFO - Partie terminée : Égalité.
2024-02-13 16:51:56,285 - INFO - Début de la partie contre l'ordinateur.
2024-02-13 16:51:56,285 - INFO - Joueur a choisi : R
2024-02-13 16:51:56,285 - INFO - L'ordinateur a choisi : P
2024-02-13 16:51:56,285 - INFO - Partie terminée : L'ordinateur a gagné.
2024-02-13 16:51:56,286 - INFO - Début de la partie contre l'ordinateur.
2024-02-13 16:51:56,287 - INFO - Joueur a choisi : P
2024-02-13 16:51:56,288 - INFO - L'ordinateur a choisi : P
2024-02-13 16:51:56,289 - INFO - Partie terminée : Égalité.
2024-02-13 16:51:56,289 - INFO - Début de la partie contre l'ordinateur.
2024-02-13 16:51:56,289 - INFO - Joueur a choisi : S
2024-02-13 16:51:56,290 - INFO - L'ordinateur a choisi : S
2024-02-13 16:51:56,291 - INFO - Partie terminée : Égalité.
2024-02-13 16:51:56,292 - INFO - Début de la partie entre deux joueurs.
2024-02-13 16:51:56,292 - INFO - Joueur 1 a choisi : R
2024-02-13 16:51:56,293 - INFO - Joueur 2 a choisi : S
2024-02-13 16:51:56,294 - INFO - Partie terminée : Joueur 1 a gagné.
2024-02-13 16:51:56,295 - INFO - Début de la partie entre deux joueurs.
2024-02-13 16:51:56,296 - INFO - Joueur 1 a choisi : P
2024-02-13 16:51:56,296 - INFO - Joueur 2 a choisi : R
2024-02-13 16:51:56,297 - INFO - Partie terminée : Joueur 1 a gagné.
2024-02-13 16:51:56,297 - INFO - Début de la partie entre deux joueurs.
2024-02-13 16:51:56,298 - INFO - Joueur 1 a choisi : S
2024-02-13 16:51:56,299 - INFO - Joueur 2 a choisi : P
2024-02-13 16:51:56,301 - INFO - Partie terminée : Joueur 1 a gagné.
2024-02-13 16:51:56,301 - INFO - Début de la partie entre deux joueurs.
2024-02-13 16:51:56,302 - INFO - Joueur 1 a choisi : R
2024-02-13 16:51:56,303 - INFO - Joueur 2 a choisi : P
2024-02-13 16:51:56,304 - INFO - Partie terminée : Joueur 2 a gagné.
2024-02-13 16:51:56,305 - INFO - Début de la partie entre deux joueurs.
2024-02-13 16:51:56,306 - INFO - Joueur 1 a choisi : P
2024-02-13 16:51:56,307 - INFO - Joueur 2 a choisi : S
2024-02-13 16:51:56,308 - INFO - Partie terminée : Joueur 2 a gagné.
2024-02-13 16:51:56,309 - INFO - Début de la partie entre deux joueurs.
2024-02-13 16:51:56,310 - INFO - Joueur 1 a choisi : S
2024-02-13 16:51:56,310 - INFO - Joueur 2 a choisi : R
2024-02-13 16:51:56,311 - INFO - Partie terminée : Joueur 2 a gagné.
2024-02-13 16:51:56,312 - INFO - Début de la partie entre deux joueurs.
2024-02-13 16:51:56,313 - INFO - Joueur 1 a choisi : R
2024-02-13 16:51:56,313 - INFO - Joueur 2 a choisi : R
2024-02-13 16:51:56,314 - INFO - Partie terminée : Égalité.
2024-02-13 16:51:56,314 - INFO - Début de la partie entre deux joueurs.
2024-02-13 16:51:56,315 - INFO - Joueur 1 a choisi : P
2024-02-13 16:51:56,316 - INFO - Joueur 2 a choisi : P
2024-02-13 16:51:56,317 - INFO - Partie terminée : Égalité.
2024-02-13 16:51:56,317 - INFO - Début de la partie entre deux joueurs.
2024-02-13 16:51:56,318 - INFO - Joueur 1 a choisi : S
2024-02-13 16:51:56,318 - INFO - Joueur 2 a choisi : S
2024-02-13 16:51:56,319 - INFO - Partie terminée : Égalité.
2024-02-13 16:55:54,836 - INFO - Début de la partie contre l'ordinateur.
2024-02-13 16:55:54,836 - INFO - Joueur a choisi : R
2024-02-13 16:55:54,836 - INFO - L'ordinateur a choisi : P
2024-02-13 16:55:54,837 - INFO - Partie terminée : L'ordinateur a gagné.
2024-02-13 16:55:54,837 - INFO - Début de la partie contre l'ordinateur.
2024-02-13 16:55:54,837 - INFO - Joueur a choisi : P
2024-02-13 16:55:54,838 - INFO - L'ordinateur a choisi : S
2024-02-13 16:55:54,838 - INFO - Partie terminée : L'ordinateur a gagné.
2024-02-13 16:55:54,839 - INFO - Début de la partie contre l'ordinateur.
2024-02-13 16:55:54,839 - INFO - Joueur a choisi : S
2024-02-13 16:55:54,840 - INFO - L'ordinateur a choisi : R
2024-02-13 16:55:54,840 - INFO - Partie terminée : L'ordinateur a gagné.
2024-02-13 16:55:54,841 - INFO - Début de la partie entre deux joueurs.
2024-02-13 16:55:54,842 - INFO - Joueur 1 a choisi : R
2024-02-13 16:55:54,842 - INFO - Joueur 2 a choisi : S
2024-02-13 16:55:54,843 - INFO - Partie terminée : Joueur 1 a gagné.
2024-02-13 16:55:54,844 - INFO - Début de la partie entre deux joueurs.
2024-02-13 16:55:54,845 - INFO - Joueur 1 a choisi : P
2024-02-13 16:55:54,846 - INFO - Joueur 2 a choisi : R
2024-02-13 16:55:54,847 - INFO - Partie terminée : Joueur 1 a gagné.
2024-02-13 16:55:54,848 - INFO - Début de la partie entre deux joueurs.
2024-02-13 16:55:54,848 - INFO - Joueur 1 a choisi : S
2024-02-13 16:55:54,849 - INFO - Joueur 2 a choisi : P
2024-02-13 16:55:54,850 - INFO - Partie terminée : Joueur 1 a gagné.
2024-02-13 16:55:54,851 - INFO - Début de la partie entre deux joueurs.
2024-02-13 16:55:54,852 - INFO - Joueur 1 a choisi : R
2024-02-13 16:55:54,853 - INFO - Joueur 2 a choisi : P
2024-02-13 16:55:54,854 - INFO - Partie terminée : Joueur 2 a gagné.
2024-02-13 16:55:54,855 - INFO - Début de la partie entre deux joueurs.
2024-02-13 16:55:54,856 - INFO - Joueur 1 a choisi : P
2024-02-13 16:55:54,857 - INFO - Joueur 2 a choisi : S
2024-02-13 16:55:54,858 - INFO - Partie terminée : Joueur 2 a gagné.
2024-02-13 16:55:54,859 - INFO - Début de la partie entre deux joueurs.
2024-02-13 16:55:54,860 - INFO - Joueur 1 a choisi : S
2024-02-13 16:55:54,860 - INFO - Joueur 2 a choisi : R
2024-02-13 16:55:54,861 - INFO - Partie terminée : Joueur 2 a gagné.
2024-02-13 16:55:54,861 - INFO - Début de la partie entre deux joueurs.
2024-02-13 16:55:54,862 - INFO - Joueur 1 a choisi : R
2024-02-13 16:55:54,863 - INFO - Joueur 2 a choisi : R
2024-02-13 16:55:54,863 - INFO - Partie terminée : Égalité.
2024-02-13 16:55:54,863 - INFO - Début de la partie entre deux joueurs.
2024-02-13 16:55:54,864 - INFO - Joueur 1 a choisi : P
2024-02-13 16:55:54,864 - INFO - Joueur 2 a choisi : P
2024-02-13 16:55:54,865 - INFO - Partie terminée : Égalité.
2024-02-13 16:55:54,866 - INFO - Début de la partie entre deux joueurs.
2024-02-13 16:55:54,866 - INFO - Joueur 1 a choisi : S
2024-02-13 16:55:54,867 - INFO - Joueur 2 a choisi : S
2024-02-13 16:55:54,868 - INFO - Partie terminée : Égalité.
2024-02-13 17:10:17,849 - INFO - Début de la partie contre l'ordinateur.
2024-02-13 17:10:17,849 - INFO - Joueur a choisi : R
2024-02-13 17:10:17,849 - INFO - L'ordinateur a choisi : P
2024-02-13 17:10:17,850 - INFO - Partie terminée : L'ordinateur a gagné.
2024-02-13 17:10:17,850 - INFO - Début de la partie contre l'ordinateur.
2024-02-13 17:10:17,850 - INFO - Joueur a choisi : P
2024-02-13 17:10:17,850 - INFO - L'ordinateur a choisi : S
2024-02-13 17:10:17,851 - INFO - Partie terminée : L'ordinateur a gagné.
2024-02-13 17:10:17,852 - INFO - Début de la partie contre l'ordinateur.
2024-02-13 17:10:17,853 - INFO - Joueur a choisi : S
2024-02-13 17:10:17,853 - INFO - L'ordinateur a choisi : P
2024-02-13 17:10:17,854 - INFO - Partie terminée : Joueur a gagné.
2024-02-13 17:10:17,854 - INFO - Début de la partie entre deux joueurs.
2024-02-13 17:10:17,854 - INFO - Joueur 1 a choisi : R
2024-02-13 17:10:17,855 - INFO - Joueur 2 a choisi : S
2024-02-13 17:10:17,855 - INFO - Partie terminée : Joueur 1 a gagné.
2024-02-13 17:10:17,856 - INFO - Début de la partie entre deux joueurs.
2024-02-13 17:10:17,856 - INFO - Joueur 1 a choisi : P
2024-02-13 17:10:17,857 - INFO - Joueur 2 a choisi : R
2024-02-13 17:10:17,857 - INFO - Partie terminée : Joueur 1 a gagné.
2024-02-13 17:10:17,858 - INFO - Début de la partie entre deux joueurs.
2024-02-13 17:10:17,858 - INFO - Joueur 1 a choisi : S
2024-02-13 17:10:17,859 - INFO - Joueur 2 a choisi : P
2024-02-13 17:10:17,860 - INFO - Partie terminée : Joueur 1 a gagné.
2024-02-13 17:10:17,861 - INFO - Début de la partie entre deux joueurs.
2024-02-13 17:10:17,861 - INFO - Joueur 1 a choisi : R
2024-02-13 17:10:17,862 - INFO - Joueur 2 a choisi : P
2024-02-13 17:10:17,863 - INFO - Partie terminée : Joueur 2 a gagné.
2024-02-13 17:10:17,864 - INFO - Début de la partie entre deux joueurs.
2024-02-13 17:10:17,865 - INFO - Joueur 1 a choisi : P
2024-02-13 17:10:17,865 - INFO - Joueur 2 a choisi : S
2024-02-13 17:10:17,866 - INFO - Partie terminée : Joueur 2 a gagné.
2024-02-13 17:10:17,866 - INFO - Début de la partie entre deux joueurs.
2024-02-13 17:10:17,867 - INFO - Joueur 1 a choisi : S
2024-02-13 17:10:17,868 - INFO - Joueur 2 a choisi : R
2024-02-13 17:10:17,869 - INFO - Partie terminée : Joueur 2 a gagné.
2024-02-13 17:10:17,870 - INFO - Début de la partie entre deux joueurs.
2024-02-13 17:10:17,870 - INFO - Joueur 1 a choisi : R
2024-02-13 17:10:17,871 - INFO - Joueur 2 a choisi : R
2024-02-13 17:10:17,872 - INFO - Partie terminée : Égalité.
2024-02-13 17:10:17,872 - INFO - Début de la partie entre deux joueurs.
2024-02-13 17:10:17,872 - INFO - Joueur 1 a choisi : P
2024-02-13 17:10:17,873 - INFO - Joueur 2 a choisi : P
2024-02-13 17:10:17,874 - INFO - Partie terminée : Égalité.
2024-02-13 17:10:17,875 - INFO - Début de la partie entre deux joueurs.
2024-02-13 17:10:17,876 - INFO - Joueur 1 a choisi : S
2024-02-13 17:10:17,877 - INFO - Joueur 2 a choisi : S
2024-02-13 17:10:17,878 - INFO - Partie terminée : Égalité.
